0 info it worked if it ends with ok
1 verbose cli [ '/Users/Home/.nvm/versions/node/v5.5.0/bin/node',
1 verbose cli   '/Users/Home/.nvm/versions/node/v5.5.0/bin/npm',
1 verbose cli   'run',
1 verbose cli   'bundle' ]
2 info using npm@3.3.12
3 info using node@v5.5.0
4 verbose run-script [ 'prebundle', 'bundle', 'postbundle' ]
5 info lifecycle thrillerapp@1.0.0~prebundle: thrillerapp@1.0.0
6 silly lifecycle thrillerapp@1.0.0~prebundle: no script for prebundle, continuing
7 info lifecycle thrillerapp@1.0.0~bundle: thrillerapp@1.0.0
8 verbose lifecycle thrillerapp@1.0.0~bundle: unsafe-perm in lifecycle true
9 verbose lifecycle thrillerapp@1.0.0~bundle: PATH: /Users/Home/.nvm/versions/node/v5.5.0/lib/node_modules/npm/bin/node-gyp-bin:/Users/Home/theIronYardAssignments/thrillerapp/public/node_modules/.bin:/Users/Home/.nvm/versions/node/v5.5.0/bin:/usr/local/bin:/usr/bin:/bin:/usr/sbin:/sbin
10 verbose lifecycle thrillerapp@1.0.0~bundle: CWD: /Users/Home/theIronYardAssignments/thrillerapp/public
11 silly lifecycle thrillerapp@1.0.0~bundle: Args: [ '-c', 'browserify main.js -o bundle.js' ]
12 silly lifecycle thrillerapp@1.0.0~bundle: Returned: code: 1  signal: null
13 info lifecycle thrillerapp@1.0.0~bundle: Failed to exec bundle script
14 verbose stack Error: thrillerapp@1.0.0 bundle: `browserify main.js -o bundle.js`
14 verbose stack Exit status 1
14 verbose stack     at EventEmitter.<anonymous> (/Users/Home/.nvm/versions/node/v5.5.0/lib/node_modules/npm/lib/utils/lifecycle.js:232:16)
14 verbose stack     at emitTwo (events.js:100:13)
14 verbose stack     at EventEmitter.emit (events.js:185:7)
14 verbose stack     at ChildProcess.<anonymous> (/Users/Home/.nvm/versions/node/v5.5.0/lib/node_modules/npm/lib/utils/spawn.js:24:14)
14 verbose stack     at emitTwo (events.js:100:13)
14 verbose stack     at ChildProcess.emit (events.js:185:7)
14 verbose stack     at maybeClose (internal/child_process.js:821:16)
14 verbose stack     at Process.ChildProcess._handle.onexit (internal/child_process.js:211:5)
15 verbose pkgid thrillerapp@1.0.0
16 verbose cwd /Users/Home/theIronYardAssignments/thrillerapp/public
17 error Darwin 14.5.0
18 error argv "/Users/Home/.nvm/versions/node/v5.5.0/bin/node" "/Users/Home/.nvm/versions/node/v5.5.0/bin/npm" "run" "bundle"
19 error node v5.5.0
20 error npm  v3.3.12
21 error code ELIFECYCLE
22 error thrillerapp@1.0.0 bundle: `browserify main.js -o bundle.js`
22 error Exit status 1
23 error Failed at the thrillerapp@1.0.0 bundle script 'browserify main.js -o bundle.js'.
23 error Make sure you have the latest version of node.js and npm installed.
23 error If you do, this is most likely a problem with the thrillerapp package,
23 error not with npm itself.
23 error Tell the author that this fails on your system:
23 error     browserify main.js -o bundle.js
23 error You can get their info via:
23 error     npm owner ls thrillerapp
23 error There is likely additional logging output above.
24 verbose exit [ 1, true ]
